<?xml version="1.0" encoding="UTF-8"?>
<!-- Generated by org.testng.reporters.JUnitReportReporter -->
<testsuite hostname="LAPTOP-BEHQ30E2" failures="0" tests="1" name="Axis.TestNG.ParameterizedTesting" time="10.108" errors="0" timestamp="2024-02-26T17:21:13 IST" skipped="0">
  <testcase classname="Axis.TestNG.ParameterizedTesting" name="parameterizedtest" time="10.108"/>
  <system-out/>
</testsuite> <!-- Axis.TestNG.ParameterizedTesting -->
