<?xml version="1.0" encoding="UTF-8"?>
<!-- Generated by org.testng.reporters.JUnitReportReporter -->
<testsuite hostname="LAPTOP-BEHQ30E2" failures="0" tests="3" name="Axis.TestNG.PriorityTesting" time="0.005" errors="0" timestamp="2024-02-26T14:33:44 IST" skipped="0">
  <testcase classname="Axis.TestNG.PriorityTesting" name="testcase3" time="0.001"/>
  <system-out/>
  <testcase classname="Axis.TestNG.PriorityTesting" name="testcase1" time="0.001"/>
  <system-out/>
  <testcase classname="Axis.TestNG.PriorityTesting" name="testcase2" time="0.003"/>
  <system-out/>
</testsuite> <!-- Axis.TestNG.PriorityTesting -->
