<?xml version="1.0" encoding="UTF-8"?>
<!-- Generated by org.testng.reporters.JUnitReportReporter -->
<testsuite hostname="LAPTOP-BEHQ30E2" failures="0" tests="1" name="Axis.TestNG.InvokeChromeNG" time="12.948" errors="0" timestamp="2024-02-26T14:33:44 IST" skipped="0">
  <testcase classname="Axis.TestNG.InvokeChromeNG" name="InvokeChromeBrowser" time="12.948"/>
  <system-out/>
</testsuite> <!-- Axis.TestNG.InvokeChromeNG -->
