<?xml version="1.0" encoding="UTF-8"?>
<!-- Generated by org.testng.reporters.JUnitReportReporter -->
<testsuite hostname="LAPTOP-BEHQ30E2" failures="0" tests="3" name="Axis.TestNG.DependsOnMethod" time="0.015" errors="0" timestamp="2024-02-26T14:39:13 IST" skipped="0">
  <testcase classname="Axis.TestNG.DependsOnMethod" name="testcase1" time="0.011"/>
  <system-out/>
  <testcase classname="Axis.TestNG.DependsOnMethod" name="testcase3" time="0.002"/>
  <system-out/>
  <testcase classname="Axis.TestNG.DependsOnMethod" name="testcase2" time="0.002"/>
  <system-out/>
</testsuite> <!-- Axis.TestNG.DependsOnMethod -->
