<?xml version="1.0" encoding="UTF-8"?>
<!-- Generated by org.testng.reporters.JUnitReportReporter -->
<testsuite hostname="LAPTOP-BEHQ30E2" failures="0" tests="5" name="Axis.TestNG.Grouping" time="0.015" errors="0" timestamp="2024-02-26T14:57:05 IST" skipped="0">
  <testcase classname="Axis.TestNG.Grouping" name="Products" time="0.001"/>
  <system-out/>
  <testcase classname="Axis.TestNG.Grouping" name="PaymentGateway" time="0.001"/>
  <system-out/>
  <testcase classname="Axis.TestNG.Grouping" name="login" time="0.001"/>
  <system-out/>
  <testcase classname="Axis.TestNG.Grouping" name="search" time="0.002"/>
  <system-out/>
  <testcase classname="Axis.TestNG.Grouping" name="AddoToCart" time="0.010"/>
  <system-out/>
</testsuite> <!-- Axis.TestNG.Grouping -->
