<?xml version="1.0" encoding="UTF-8"?>
<!-- Generated by org.testng.reporters.JUnitReportReporter -->
<testsuite hostname="LAPTOP-BEHQ30E2" failures="0" tests="2" name="Axis.TestNG.ParallelTesting" time="49.727" errors="0" timestamp="2024-02-26T17:16:28 IST" skipped="0">
  <testcase classname="Axis.TestNG.ParallelTesting" name="parallel2" time="40.105"/>
  <system-out/>
  <testcase classname="Axis.TestNG.ParallelTesting" name="parallel1" time="9.622"/>
  <system-out/>
</testsuite> <!-- Axis.TestNG.ParallelTesting -->
