<?xml version="1.0" encoding="UTF-8"?>
<!-- Generated by org.testng.reporters.JUnitReportReporter -->
<testsuite hostname="LAPTOP-BEHQ30E2" failures="0" tests="1" name="Axis.TestNG.AppTest" time="0.008" errors="0" timestamp="2024-02-26T13:54:41 IST" skipped="0">
  <testcase classname="Axis.TestNG.AppTest" name="shouldAnswerWithTrue" time="0.008"/>
  <system-out/>
</testsuite> <!-- Axis.TestNG.AppTest -->
